* using log directory 'C:/Users/bmaitner/Desktop/current_projects/RBIEN/revdep/checks/RuHere/old/RuHere.Rcheck'
* using R version 4.4.2 (2024-10-31 ucrt)
* using platform: x86_64-w64-mingw32
* R was compiled by
    gcc.exe (GCC) 13.3.0
    GNU Fortran (GCC) 13.3.0
* running under: Windows 11 x64 (build 26100)
* using session charset: UTF-8
* using options '--no-manual --no-build-vignettes'
* checking for file 'RuHere/DESCRIPTION' ... OK
* this is package 'RuHere' version '1.0.1'
* package encoding: UTF-8
* checking package namespace information ... OK
* checking package dependencies ... OK
* checking if this is a source package ... OK
* checking if there is a namespace ... OK
* checking for executable files ... OK
* checking for hidden files and directories ... OK
* checking for portable file names ... OK
* checking whether package 'RuHere' can be installed ... OK
* used C++ compiler: 'G__~1.EXE (GCC) 13.3.0'
* checking installed package size ... OK
* checking package directory ... OK
* checking 'build' directory ... OK
* checking DESCRIPTION meta-information ... OK
* checking top-level files ... OK
* checking for left-over files ... OK
* checking index information ... OK
* checking package subdirectories ... OK
* checking code files for non-ASCII characters ... OK
* checking R files for syntax errors ... OK
* checking whether the package can be loaded ... OK
* checking whether the package can be loaded with stated dependencies ... OK
* checking whether the package can be unloaded cleanly ... OK
* checking whether the namespace can be loaded with stated dependencies ... OK
* checking whether the namespace can be unloaded cleanly ... OK
* checking loading without being on the library search path ... OK
* checking dependencies in R code ... OK
* checking S3 generic/method consistency ... OK
* checking replacement functions ... OK
* checking foreign function calls ... OK
* checking R code for possible problems ... OK
* checking Rd files ... OK
* checking Rd metadata ... OK
* checking Rd cross-references ... OK
* checking for missing documentation entries ... OK
* checking for code/documentation mismatches ... OK
* checking Rd \usage sections ... OK
* checking Rd contents ... OK
* checking for unstated dependencies in examples ... OK
* checking contents of 'data' directory ... OK
* checking data for non-ASCII characters ... NOTE
  Note: found 27992 marked UTF-8 strings
* checking LazyData ... OK
* checking data for ASCII and uncompressed saves ... OK
* checking line endings in C/C++/Fortran sources/headers ... OK
* checking line endings in Makefiles ... OK
* checking compilation flags in Makevars ... OK
* checking for GNU extensions in Makefiles ... OK
* checking for portable use of $(BLAS_LIBS) and $(LAPACK_LIBS) ... OK
* checking use of PKG_*FLAGS in Makefiles ... OK
* checking compiled code ... OK
* checking installed files from 'inst/doc' ... OK
* checking files in 'vignettes' ... OK
* checking examples ... OK
* checking for unstated dependencies in vignettes ... OK
* checking package vignettes ... OK
* checking running R code from vignettes ... ERROR
Errors in running code in vignettes:
when running code in 'obtaining_data.Rmd'
  ...
1 Araucaria          6   7707728      194      640      3924  2684910
  speciesKey value          verbatim_name verbatim_subfamily
1    2684940 FALSE Araucaria angustifolia              FALSE

> gbif_req <- request_gbif(gbif_info = gbif_prep, hasCoordinate = TRUE, 
+     hasGeospatialIssue = FALSE)

  When sourcing 'obtaining_data.R':
Error: 401 - Unauthorized
Execution halted

  'flagging_records.Rmd' using 'UTF-8'... OK
  'flagging_records_species_list.Rmd' using 'UTF-8'... OK
  'obtaining_data.Rmd' using 'UTF-8'... failed
  'sampling_bias.Rmd' using 'UTF-8'... OK
  'spatial_consistency.Rmd' using 'UTF-8'... OK
* checking re-building of vignette outputs ... SKIPPED
* DONE
Status: 1 ERROR, 1 NOTE
