* using log directory 'C:/Users/bmaitner/Desktop/current_projects/RBIEN/revdep/checks/occCite/new/occCite.Rcheck'
* using R version 4.4.2 (2024-10-31 ucrt)
* using platform: x86_64-w64-mingw32
* R was compiled by
    gcc.exe (GCC) 13.3.0
    GNU Fortran (GCC) 13.3.0
* running under: Windows 11 x64 (build 26100)
* using session charset: UTF-8
* using options '--no-manual --no-build-vignettes'
* checking for file 'occCite/DESCRIPTION' ... OK
* checking extension type ... Package
* this is package 'occCite' version '0.5.9'
* package encoding: UTF-8
* checking package namespace information ... OK
* checking package dependencies ... ERROR
Package required but not available: 'waffle'

See section 'The DESCRIPTION file' in the 'Writing R Extensions'
manual.
* DONE
Status: 1 ERROR
