* installing *source* package 'RuHere' ...
** package 'RuHere' successfully unpacked and MD5 sums checked
** using staged installation
** libs
using C++ compiler: 'G__~1.EXE (GCC) 13.3.0'
g++ -std=gnu++17  -I"C:/PROGRA~1/R/R-44~1.2/include" -DNDEBUG  -I'C:/Users/bmaitner/Desktop/current_projects/RBIEN/revdep/library/BIEN/new/Rcpp/include' -I'C:/Users/bmaitner/Desktop/current_projects/RBIEN/revdep/library/RuHere/RcppArmadillo/include'   -I"C:/rtools44/x86_64-w64-mingw32.static.posix/include"  -fopenmp   -O2 -Wall  -mfpmath=sse -msse2 -mstackrealign  -c RcppExports.cpp -o RcppExports.o
g++ -std=gnu++17  -I"C:/PROGRA~1/R/R-44~1.2/include" -DNDEBUG  -I'C:/Users/bmaitner/Desktop/current_projects/RBIEN/revdep/library/BIEN/new/Rcpp/include' -I'C:/Users/bmaitner/Desktop/current_projects/RBIEN/revdep/library/RuHere/RcppArmadillo/include'   -I"C:/rtools44/x86_64-w64-mingw32.static.posix/include"  -fopenmp   -O2 -Wall  -mfpmath=sse -msse2 -mstackrealign  -c moranfast.cpp -o moranfast.o
g++ -std=gnu++17  -I"C:/PROGRA~1/R/R-44~1.2/include" -DNDEBUG  -I'C:/Users/bmaitner/Desktop/current_projects/RBIEN/revdep/library/BIEN/new/Rcpp/include' -I'C:/Users/bmaitner/Desktop/current_projects/RBIEN/revdep/library/RuHere/RcppArmadillo/include'   -I"C:/rtools44/x86_64-w64-mingw32.static.posix/include"  -fopenmp   -O2 -Wall  -mfpmath=sse -msse2 -mstackrealign  -c spatial_kde.cpp -o spatial_kde.o
g++ -std=gnu++17 -shared -s -static-libgcc -o RuHere.dll tmp.def RcppExports.o moranfast.o spatial_kde.o -fopenmp -LC:/PROGRA~1/R/R-44~1.2/bin/x64 -lRlapack -LC:/PROGRA~1/R/R-44~1.2/bin/x64 -lRblas -lgfortran -lm -lquadmath -LC:/rtools44/x86_64-w64-mingw32.static.posix/lib/x64 -LC:/rtools44/x86_64-w64-mingw32.static.posix/lib -LC:/PROGRA~1/R/R-44~1.2/bin/x64 -lR
installing to C:/Users/bmaitner/Desktop/current_projects/RBIEN/revdep/checks/RuHere/new/RuHere.Rcheck/00LOCK-RuHere/00new/RuHere/libs/x64
** R
** data
*** moving datasets to lazyload DB
** inst
** byte-compile and prepare package for lazy loading
** help
*** installing help indices
*** copying figures
** building package indices
** installing vignettes
** testing if installed package can be loaded from temporary location
** testing if installed package can be loaded from final location
** testing if installed package keeps a record of temporary installation path
* DONE (RuHere)
