* using log directory 'C:/Users/Brian Maitner/Desktop/current_projects/RBIEN/revdep/checks/rangeModelMetadata/new/rangeModelMetadata.Rcheck'
* using R version 4.2.2 (2022-10-31 ucrt)
* using platform: x86_64-w64-mingw32 (64-bit)
* using session charset: ISO8859-1
* using options '--no-manual --no-build-vignettes'
* checking for file 'rangeModelMetadata/DESCRIPTION' ... OK
* checking extension type ... Package
* this is package 'rangeModelMetadata' version '0.1.4'
* package encoding: UTF-8
* checking package namespace information ... OK
* checking package dependencies ... NOTE
Package suggested but not available for checking: 'googlesheets'
* checking if this is a source package ... OK
* checking if there is a namespace ... OK
* checking for executable files ... OK
* checking for hidden files and directories ... OK
* checking for portable file names ... OK
* checking whether package 'rangeModelMetadata' can be installed ... OK
* checking installed package size ... OK
* checking package directory ... OK
* checking 'build' directory ... OK
* checking DESCRIPTION meta-information ... OK
* checking top-level files ... OK
* checking for left-over files ... OK
* checking index information ... OK
* checking package subdirectories ... OK
* checking R files for non-ASCII characters ... OK
* checking R files for syntax errors ... OK
* checking whether the package can be loaded ... OK
* checking whether the package can be loaded with stated dependencies ... OK
* checking whether the package can be unloaded cleanly ... OK
* checking whether the namespace can be loaded with stated dependencies ... OK
* checking whether the namespace can be unloaded cleanly ... OK
* checking loading without being on the library search path ... OK
* checking dependencies in R code ... NOTE
Namespaces in Imports field not imported from:
  'MASS' 'dplyr' 'jsonlite' 'rgbif' 'rgdal' 'rgeos' 'sp' 'spThin'
  'spatstat'
  All declared Imports should be used.
* checking S3 generic/method consistency ... OK
* checking replacement functions ... OK
* checking foreign function calls ... OK
* checking R code for possible problems ... OK
* checking Rd files ... OK
* checking Rd metadata ... OK
* checking Rd cross-references ... OK
* checking for missing documentation entries ... OK
* checking for code/documentation mismatches ... OK
* checking Rd \usage sections ... OK
* checking Rd contents ... OK
* checking for unstated dependencies in examples ... OK
* checking installed files from 'inst/doc' ... OK
* checking files in 'vignettes' ... OK
* checking examples ... OK
* checking for unstated dependencies in vignettes ... OK
* checking package vignettes in 'inst/doc' ... OK
* checking running R code from vignettes ... NONE
  'rmm_Multispecies.Rmd' using 'UTF-8'... OK
  'rmm_directory.Rmd' using 'UTF-8'... OK
  'rmm_vignette.Rmd' using 'UTF-8'... OK
* checking re-building of vignette outputs ... SKIPPED
* DONE
Status: 2 NOTEs
