* using log directory 'C:/Users/bmaitner/Desktop/current_projects/RBIEN/revdep/checks/occCite/old/occCite.Rcheck'
* using R version 4.4.2 (2024-10-31 ucrt)
* using platform: x86_64-w64-mingw32
* R was compiled by
    gcc.exe (GCC) 13.3.0
    GNU Fortran (GCC) 13.3.0
* running under: Windows 11 x64 (build 22631)
* using session charset: UTF-8
* using options '--no-manual --no-build-vignettes'
* checking for file 'occCite/DESCRIPTION' ... OK
* checking extension type ... Package
* this is package 'occCite' version '0.5.9'
* package encoding: UTF-8
* checking package namespace information ... OK
* checking package dependencies ... OK
* checking if this is a source package ... OK
* checking if there is a namespace ... OK
* checking for executable files ... OK
* checking for hidden files and directories ... OK
* checking for portable file names ... OK
* checking whether package 'occCite' can be installed ... OK
* checking installed package size ... OK
* checking package directory ... OK
* checking 'build' directory ... OK
* checking DESCRIPTION meta-information ... OK
* checking top-level files ... OK
* checking for left-over files ... OK
* checking index information ... OK
* checking package subdirectories ... OK
* checking code files for non-ASCII characters ... OK
* checking R files for syntax errors ... OK
* checking whether the package can be loaded ... OK
* checking whether the package can be loaded with stated dependencies ... OK
* checking whether the package can be unloaded cleanly ... OK
* checking whether the namespace can be loaded with stated dependencies ... OK
* checking whether the namespace can be unloaded cleanly ... OK
* checking loading without being on the library search path ... OK
* checking dependencies in R code ... NOTE
Namespace in Imports field not imported from: 'ape'
  All declared Imports should be used.
* checking S3 generic/method consistency ... OK
* checking replacement functions ... OK
* checking foreign function calls ... OK
* checking R code for possible problems ... OK
* checking Rd files ... OK
* checking Rd metadata ... OK
* checking Rd cross-references ... OK
* checking for missing documentation entries ... OK
* checking for code/documentation mismatches ... OK
* checking Rd \usage sections ... OK
* checking Rd contents ... OK
* checking for unstated dependencies in examples ... OK
* checking contents of 'data' directory ... OK
* checking data for non-ASCII characters ... NOTE
  Note: found 7 marked UTF-8 strings
* checking LazyData ... OK
* checking data for ASCII and uncompressed saves ... OK
* checking installed files from 'inst/doc' ... OK
* checking files in 'vignettes' ... OK
* checking examples ... OK
* checking for unstated dependencies in 'tests' ... OK
* checking tests ... OK
  Running 'testthat.R'
* checking for unstated dependencies in vignettes ... OK
* checking package vignettes ... OK
* checking running R code from vignettes ... ERROR
Errors in running code in vignettes:
when running code in 'b_Advanced.Rmd'
  ...
                     Species GBIF Access Date GBIF DOI
1 Tetrapturus_angustirostris             <NA>     <NA>
2         Tetrapturus_belone             <NA>     <NA>
3      Tetrapturus_pfluegeri             <NA>     <NA>

> plot(myPhyOccCiteObject)

  When sourcing 'b_Advanced.R':
Error: subscript out of bounds
Execution halted

  'a_Simple.Rmd' using 'UTF-8'... OK
  'b_Advanced.Rmd' using 'UTF-8'... failed
* checking re-building of vignette outputs ... SKIPPED
* DONE
Status: 1 ERROR, 2 NOTEs
