* using log directory 'C:/Users/bmaitner/Desktop/current_projects/RBIEN/revdep/checks/wallace/new/wallace.Rcheck'
* using R version 4.4.2 (2024-10-31 ucrt)
* using platform: x86_64-w64-mingw32
* R was compiled by
    gcc.exe (GCC) 13.3.0
    GNU Fortran (GCC) 13.3.0
* running under: Windows 11 x64 (build 22631)
* using session charset: UTF-8
* using options '--no-manual --no-build-vignettes'
* checking for file 'wallace/DESCRIPTION' ... OK
* this is package 'wallace' version '2.1.3'
* package encoding: UTF-8
* checking package namespace information ... OK
* checking package dependencies ... OK
* checking if this is a source package ... OK
* checking if there is a namespace ... OK
* checking for executable files ... OK
* checking for hidden files and directories ... OK
* checking for portable file names ... OK
* checking whether package 'wallace' can be installed ... OK
* checking installed package size ... OK
* checking package directory ... OK
* checking DESCRIPTION meta-information ... OK
* checking top-level files ... OK
* checking for left-over files ... OK
* checking index information ... OK
* checking package subdirectories ... OK
* checking code files for non-ASCII characters ... OK
* checking R files for syntax errors ... OK
* checking whether the package can be loaded ... OK
* checking whether the package can be loaded with stated dependencies ... OK
* checking whether the package can be unloaded cleanly ... OK
* checking whether the namespace can be loaded with stated dependencies ... OK
* checking whether the namespace can be unloaded cleanly ... OK
* checking loading without being on the library search path ... OK
* checking dependencies in R code ... OK
* checking S3 generic/method consistency ... OK
* checking replacement functions ... OK
* checking foreign function calls ... OK
* checking R code for possible problems ... OK
* checking Rd files ... OK
* checking Rd metadata ... OK
* checking Rd cross-references ... OK
* checking for missing documentation entries ... OK
* checking for code/documentation mismatches ... OK
* checking Rd \usage sections ... OK
* checking Rd contents ... OK
* checking for unstated dependencies in examples ... OK
* checking examples ... OK
* checking for unstated dependencies in 'tests' ... OK
* checking tests ... ERROR
  Running 'testthat.R'
Running the tests in 'tests/testthat.R' failed.
Last 13 lines of output:
   6.       └─base::stopifnot(maxent(silent = TRUE))
  ── Error ('test_xfer_userEnvs.R:22:1'): (code run outside of `test_that()`) ────
  Error in `.local(object, ...)`: maxent(silent = TRUE) is not TRUE
  Backtrace:
      ▆
   1. └─wallace::xfer_userEnvs(...) at test_xfer_userEnvs.R:22:1
   2.   ├─wallace::smartProgress(...)
   3.   ├─dismo::predict(...)
   4.   └─dismo::predict(...)
   5.     └─dismo (local) .local(object, ...)
   6.       └─base::stopifnot(maxent(silent = TRUE))
  
  [ FAIL 4 | WARN 1 | SKIP 5 | PASS 231 ]
  Error: Test failures
  Execution halted
* DONE
Status: 1 ERROR
